<?xml version="1.0" encoding="UTF-8"?>
<robot generator="Robot 6.0.1 (Python 3.11.1 on win32)" generated="20230315 10:02:03.724" rpa="false" schemaversion="3">
<suite id="s1" name="Agibank Testes" source="C:\Users\Jonatas\Desktop\Nova pasta\Testes Blog Agibank\Agibank_Testes.robot">
<test id="s1-t1" name="Caso de teste 01: acessar pagina de pesquisa" line="8">
<kw name="Dado que eu acesse o site https://www.blogdoagi.com.br" library="Agibank_resources">
<kw name="Open Browser" library="SeleniumLibrary">
<arg>url=${URL}</arg>
<arg>browser=${BROWSER}</arg>
<doc>Opens a new browser instance to the optional ``url``.</doc>
<msg timestamp="20230315 10:02:04.422" level="INFO">Opening browser 'chrome' to base url 'https://www.blogdoagi.com.br'.</msg>
<status status="PASS" starttime="20230315 10:02:04.421" endtime="20230315 10:02:11.584"/>
</kw>
<kw name="Maximize Browser Window" library="SeleniumLibrary">
<doc>Maximizes current browser window.</doc>
<status status="PASS" starttime="20230315 10:02:11.584" endtime="20230315 10:02:11.860"/>
</kw>
<status status="PASS" starttime="20230315 10:02:04.421" endtime="20230315 10:02:11.860"/>
</kw>
<kw name="Quando clicar no icone da lupa" library="Agibank_resources">
<kw name="Wait Until Element Is Enabled" library="SeleniumLibrary">
<arg>//*[@id="site-branding"]/div/a/img</arg>
<doc>Waits until the element ``locator`` is enabled.</doc>
<status status="PASS" starttime="20230315 10:02:11.863" endtime="20230315 10:02:12.229"/>
</kw>
<kw name="Click Element" library="SeleniumLibrary">
<arg>//*[@id="search-open"]</arg>
<doc>Click the element identified by ``locator``.</doc>
<msg timestamp="20230315 10:02:12.230" level="INFO">Clicking element '//*[@id="search-open"]'.</msg>
<status status="PASS" starttime="20230315 10:02:12.229" endtime="20230315 10:02:12.352"/>
</kw>
<status status="PASS" starttime="20230315 10:02:11.862" endtime="20230315 10:02:12.353"/>
</kw>
<kw name="Então deve abrir o campo de pesquisa" library="Agibank_resources">
<kw name="Wait Until Element Is Enabled" library="SeleniumLibrary">
<arg>//*[@id="masthead"]/div[1]/div[2]/form/label/input</arg>
<doc>Waits until the element ``locator`` is enabled.</doc>
<status status="PASS" starttime="20230315 10:02:12.358" endtime="20230315 10:02:12.463"/>
</kw>
<kw name="Capture Page Screenshot" library="SeleniumLibrary">
<doc>Takes a screenshot of the current page and embeds it into a log file.</doc>
<msg timestamp="20230315 10:02:12.752" level="INFO" html="true">&lt;/td&gt;&lt;/tr&gt;&lt;tr&gt;&lt;td colspan="3"&gt;&lt;a href="selenium-screenshot-1.png"&gt;&lt;img src="selenium-screenshot-1.png" width="800px"&gt;&lt;/a&gt;</msg>
<status status="PASS" starttime="20230315 10:02:12.464" endtime="20230315 10:02:12.753"/>
</kw>
<status status="PASS" starttime="20230315 10:02:12.357" endtime="20230315 10:02:12.753"/>
</kw>
<status status="PASS" starttime="20230315 10:02:04.420" endtime="20230315 10:02:12.754"/>
</test>
<test id="s1-t2" name="Caso de teste 02: Pesquisa" line="14">
<kw name="Dado que eu click no campo de pesquisa" library="Agibank_resources">
<kw name="Click Element" library="SeleniumLibrary">
<arg>//*[@id="masthead"]/div[1]/div[2]/form/label/input</arg>
<doc>Click the element identified by ``locator``.</doc>
<msg timestamp="20230315 10:02:12.759" level="INFO">Clicking element '//*[@id="masthead"]/div[1]/div[2]/form/label/input'.</msg>
<status status="PASS" starttime="20230315 10:02:12.758" endtime="20230315 10:02:12.870"/>
</kw>
<status status="PASS" starttime="20230315 10:02:12.758" endtime="20230315 10:02:12.870"/>
</kw>
<kw name="Quando digitar uma palavra na pesquisa" library="Agibank_resources">
<kw name="Input Text" library="SeleniumLibrary">
<arg>//*[@id="masthead"]/div[1]/div[2]/form/label/input</arg>
<arg>Agibank</arg>
<doc>Types the given ``text`` into the text field identified by ``locator``.</doc>
<msg timestamp="20230315 10:02:12.873" level="INFO">Typing text 'Agibank' into text field '//*[@id="masthead"]/div[1]/div[2]/form/label/input'.</msg>
<status status="PASS" starttime="20230315 10:02:12.872" endtime="20230315 10:02:12.997"/>
</kw>
<status status="PASS" starttime="20230315 10:02:12.871" endtime="20230315 10:02:12.997"/>
</kw>
<kw name="E clicar em &quot;Pesquisar&quot;" library="Agibank_resources">
<kw name="Click Button" library="SeleniumLibrary">
<arg>//*[@id="masthead"]/div[1]/div[2]/form/input</arg>
<doc>Clicks the button identified by ``locator``.</doc>
<msg timestamp="20230315 10:02:12.998" level="INFO">Clicking button '//*[@id="masthead"]/div[1]/div[2]/form/input'.</msg>
<status status="PASS" starttime="20230315 10:02:12.998" endtime="20230315 10:02:14.937"/>
</kw>
<status status="PASS" starttime="20230315 10:02:12.997" endtime="20230315 10:02:14.937"/>
</kw>
<kw name="Então deve exibir os &quot;resultados da busca&quot;" library="Agibank_resources">
<kw name="Wait Until Element Is Enabled" library="SeleniumLibrary">
<arg>//*[@id="primary"]/header/h1</arg>
<doc>Waits until the element ``locator`` is enabled.</doc>
<status status="PASS" starttime="20230315 10:02:14.939" endtime="20230315 10:02:15.024"/>
</kw>
<kw name="Capture Page Screenshot" library="SeleniumLibrary">
<doc>Takes a screenshot of the current page and embeds it into a log file.</doc>
<msg timestamp="20230315 10:02:15.176" level="INFO" html="true">&lt;/td&gt;&lt;/tr&gt;&lt;tr&gt;&lt;td colspan="3"&gt;&lt;a href="selenium-screenshot-2.png"&gt;&lt;img src="selenium-screenshot-2.png" width="800px"&gt;&lt;/a&gt;</msg>
<status status="PASS" starttime="20230315 10:02:15.024" endtime="20230315 10:02:15.176"/>
</kw>
<status status="PASS" starttime="20230315 10:02:14.938" endtime="20230315 10:02:15.176"/>
</kw>
<status status="PASS" starttime="20230315 10:02:12.757" endtime="20230315 10:02:15.180"/>
</test>
<doc>Essa suite testa o site https://www.blogdoagi.com.br/</doc>
<status status="PASS" starttime="20230315 10:02:03.728" endtime="20230315 10:02:15.182"/>
</suite>
<statistics>
<total>
<stat pass="2" fail="0" skip="0">All Tests</stat>
</total>
<tag>
</tag>
<suite>
<stat pass="2" fail="0" skip="0" id="s1" name="Agibank Testes">Agibank Testes</stat>
</suite>
</statistics>
<errors>
</errors>
</robot>
